<?xml version="1.0" encoding="UTF-8"?>
<testng-results ignored="0" total="1" passed="1" failed="0" skipped="0">
  <reporter-output>
    <line>
      <![CDATA[Proxy element for: DefaultElementLocator 'By.xpath: //span[text()='Get an auto quote']' Has been clicked<br>]]>
    </line>
    <line>
      <![CDATA[[[ChromeDriver: chrome on windows (a6fd8008b8ce9ccb490fcebdfc0040c8)] -> xpath: //input[@id="FirstName"]] <<< value inserted : Md<br>]]>
    </line>
    <line>
      <![CDATA[[[ChromeDriver: chrome on windows (a6fd8008b8ce9ccb490fcebdfc0040c8)] -> xpath: //input[@id="LastName"]] <<< value inserted : Alam<br>]]>
    </line>
  </reporter-output>
  <suite started-at="2023-05-22T07:30:36 CDT" name="Default suite" finished-at="2023-05-22T07:31:05 CDT" duration-ms="28173">
    <groups>
    </groups>
    <test started-at="2023-05-22T07:30:36 CDT" name="Default test" finished-at="2023-05-22T07:31:05 CDT" duration-ms="28173">
      <class name="homePageTest.TestDMVhomePage">
        <test-method is-config="true" signature="beforeEachTest(java.lang.String)[pri:0, instance:homePageTest.TestDMVhomePage@5a45133e]" started-at="2023-05-22T07:30:36 CDT" name="beforeEachTest" finished-at="2023-05-22T07:30:46 CDT" duration-ms="9150" status="PASS">
          <params>
            <param index="0">
              <value>
                <![CDATA[chrome]]>
              </value>
            </param>
          </params>
          <reporter-output>
          </reporter-output>
        </test-method> <!-- beforeEachTest -->
        <test-method signature="testHomePage()[pri:0, instance:homePageTest.TestDMVhomePage@5a45133e]" started-at="2023-05-22T07:30:46 CDT" name="testHomePage" finished-at="2023-05-22T07:31:04 CDT" duration-ms="18253" status="PASS">
          <reporter-output>
            <line>
              <![CDATA[Proxy element for: DefaultElementLocator 'By.xpath: //span[text()='Get an auto quote']' Has been clicked<br>]]>
            </line>
            <line>
              <![CDATA[[[ChromeDriver: chrome on windows (a6fd8008b8ce9ccb490fcebdfc0040c8)] -> xpath: //input[@id="FirstName"]] <<< value inserted : Md<br>]]>
            </line>
            <line>
              <![CDATA[[[ChromeDriver: chrome on windows (a6fd8008b8ce9ccb490fcebdfc0040c8)] -> xpath: //input[@id="LastName"]] <<< value inserted : Alam<br>]]>
            </line>
          </reporter-output>
        </test-method> <!-- testHomePage -->
        <test-method is-config="true" signature="closingBrowser()[pri:0, instance:homePageTest.TestDMVhomePage@5a45133e]" started-at="2023-05-22T07:31:04 CDT" name="closingBrowser" finished-at="2023-05-22T07:31:05 CDT" duration-ms="664" status="PASS">
          <reporter-output>
          </reporter-output>
        </test-method> <!-- closingBrowser -->
      </class> <!-- homePageTest.TestDMVhomePage -->
    </test> <!-- Default test -->
  </suite> <!-- Default suite -->
</testng-results>
