<?xml version="1.0" encoding="UTF-8"?>
<testng-results ignored="0" total="1" passed="0" failed="1" skipped="0">
  <reporter-output>
  </reporter-output>
  <suite started-at="2023-05-29T09:17:57 CDT" name="Suite" finished-at="2023-05-29T09:17:57 CDT" duration-ms="87">
    <groups>
    </groups>
    <test started-at="2023-05-29T09:17:57 CDT" name="Test" finished-at="2023-05-29T09:17:57 CDT" duration-ms="87">
      <class name="homePageTest.ParameterizeTest">
        <test-method is-config="true" signature="initiateReport()[pri:0, instance:homePageTest.ParameterizeTest@6e6f2380]" started-at="2023-05-29T09:17:56 CDT" name="initiateReport" finished-at="2023-05-29T09:17:57 CDT" duration-ms="501" status="PASS">
          <reporter-output>
          </reporter-output>
        </test-method> <!-- initiateReport -->
        <test-method signature="validateAutoQuote(java.lang.String,java.lang.String,java.lang.String,java.lang.String,java.lang.String,java.lang.String)[pri:0, instance:homePageTest.ParameterizeTest@6e6f2380]" started-at="2023-05-29T09:17:57 CDT" name="validateAutoQuote" finished-at="2023-05-29T09:17:57 CDT" duration-ms="0" status="FAIL">
          <exception class="org.testng.TestNGException">
            <message>
              <![CDATA[
Parameter ' firstName1' is required by @Test on method validateAutoQuote but has not been marked @Optional or defined
in C:\Users\pia\eclipse-workspace\com.aaa.TDD\parameterizeTest.xml]]>
            </message>
            <full-stacktrace>
              <![CDATA[org.testng.TestNGException: 
Parameter ' firstName1' is required by @Test on method validateAutoQuote but has not been marked @Optional or defined
in C:\Users\pia\eclipse-workspace\com.aaa.TDD\parameterizeTest.xml
at org.testng.internal.Parameters.createParams(Parameters.java:267)
at org.testng.internal.Parameters.createParametersForMethod(Parameters.java:355)
at org.testng.internal.Parameters.createParameters(Parameters.java:684)
at org.testng.internal.Parameters.handleParameters(Parameters.java:879)
at org.testng.internal.Parameters.handleParameters(Parameters.java:728)
at org.testng.internal.invokers.ParameterHandler.handleParameters(ParameterHandler.java:72)
at org.testng.internal.invokers.ParameterHandler.createParameters(ParameterHandler.java:51)
at org.testng.internal.invokers.TestInvoker$MethodInvocationAgent.invoke(TestInvoker.java:924)
at org.testng.internal.invokers.TestInvoker.invokeTestMethods(TestInvoker.java:194)
at org.testng.internal.invokers.TestMethodWorker.invokeTestMethods(TestMethodWorker.java:148)
at org.testng.internal.invokers.TestMethodWorker.run(TestMethodWorker.java:128)
at java.base/java.util.ArrayList.forEach(ArrayList.java:1511)
at org.testng.TestRunner.privateRun(TestRunner.java:829)
at org.testng.TestRunner.run(TestRunner.java:602)
at org.testng.SuiteRunner.runTest(SuiteRunner.java:437)
at org.testng.SuiteRunner.runSequentially(SuiteRunner.java:431)
at org.testng.SuiteRunner.privateRun(SuiteRunner.java:391)
at org.testng.SuiteRunner.run(SuiteRunner.java:330)
at org.testng.SuiteRunnerWorker.runSuite(SuiteRunnerWorker.java:52)
at org.testng.SuiteRunnerWorker.run(SuiteRunnerWorker.java:95)
at org.testng.TestNG.runSuitesSequentially(TestNG.java:1256)
at org.testng.TestNG.runSuitesLocally(TestNG.java:1176)
at org.testng.TestNG.runSuites(TestNG.java:1099)
at org.testng.TestNG.run(TestNG.java:1067)
at org.testng.remote.AbstractRemoteTestNG.run(AbstractRemoteTestNG.java:115)
at org.testng.remote.RemoteTestNG.initAndRun(RemoteTestNG.java:251)
at org.testng.remote.RemoteTestNG.main(RemoteTestNG.java:77)
]]>
            </full-stacktrace>
          </exception> <!-- org.testng.TestNGException -->
          <reporter-output>
          </reporter-output>
        </test-method> <!-- validateAutoQuote -->
        <test-method is-config="true" signature="closeReport()[pri:0, instance:homePageTest.ParameterizeTest@6e6f2380]" started-at="2023-05-29T09:17:57 CDT" name="closeReport" finished-at="2023-05-29T09:17:57 CDT" duration-ms="568" status="PASS">
          <reporter-output>
          </reporter-output>
        </test-method> <!-- closeReport -->
      </class> <!-- homePageTest.ParameterizeTest -->
    </test> <!-- Test -->
  </suite> <!-- Suite -->
</testng-results>
